#
# There is insufficient memory for the Java Runtime Environment to continue.
# Native memory allocation (malloc) failed to allocate 32756 bytes for ChunkPool::allocate
# Possible reasons:
#   The system is out of physical RAM or swap space
#   In 32 bit mode, the process size limit was hit
# Possible solutions:
#   Reduce memory load on the system
#   Increase physical memory or swap space
#   Check if swap backing store is full
#   Use 64 bit Java on a 64 bit OS
#   Decrease Java heap size (-Xmx/-Xms)
#   Decrease number of Java threads
#   Decrease Java thread stack sizes (-Xss)
#   Set larger code cache with -XX:ReservedCodeCacheSize=
# This output file may be truncated or incomplete.
#
#  Out of Memory Error (allocation.cpp:273), pid=6616, tid=5380
#
# JRE version: Java(TM) SE Runtime Environment (8.0_91-b14) (build 1.8.0_91-b14)
# Java VM: Java HotSpot(TM) Client VM (25.91-b14 mixed mode windows-x86 )
# Failed to write core dump. Minidumps are not enabled by default on client versions of Windows
#

---------------  T H R E A D  ---------------

Current thread (0x44039400):  JavaThread "C1 CompilerThread0" daemon [_thread_in_native, id=5380, stack(0x44560000,0x445b0000)]

Stack: [0x44560000,0x445b0000],  sp=0x445aedac,  free space=315k
Native frames: (J=compiled Java code, j=interpreted, Vv=VM code, C=native code)
V  [jvm.dll+0x1a894b]
V  [jvm.dll+0x1a1208]
V  [jvm.dll+0x8bce1]
V  [jvm.dll+0x8bebd]
V  [jvm.dll+0x8c357]
V  [jvm.dll+0xa3cd4]
V  [jvm.dll+0x288216]
V  [jvm.dll+0x2b209c]
V  [jvm.dll+0x297e5e]
V  [jvm.dll+0x2a99aa]
V  [jvm.dll+0x297c16]
V  [jvm.dll+0x2875ff]
V  [jvm.dll+0x287999]
V  [jvm.dll+0x287a6a]
V  [jvm.dll+0x287bd8]
V  [jvm.dll+0x287e52]
V  [jvm.dll+0x6f7ba]
V  [jvm.dll+0x6ff6f]
V  [jvm.dll+0x17c90c]
V  [jvm.dll+0x17c9fa]
V  [jvm.dll+0x1c10c6]
C  [msvcr100.dll+0x5c556]
C  [msvcr100.dll+0x5c600]
C  [kernel32.dll+0x4ef8c]
C  [ntdll.dll+0x6367a]
C  [ntdll.dll+0x6364d]
C  0x00000000


Current CompileTask:
C1:    715  268   !         com.android.dx.cf.code.BytecodeArray::parseInstruction (2764 bytes)


---------------  P R O C E S S  ---------------

Java Threads: ( => current thread )
  0x44109400 JavaThread "pool-1-thread-1" [_thread_new, id=1352, stack(0x00000000,0x00000000)]
  0x44035400 JavaThread "Service Thread" daemon [_thread_blocked, id=5220, stack(0x44660000,0x446b0000)]
=>0x44039400 JavaThread "C1 CompilerThread0" daemon [_thread_in_native, id=5380, stack(0x44560000,0x445b0000)]
  0x44038400 JavaThread "Attach Listener" daemon [_thread_blocked, id=6268, stack(0x01260000,0x012b0000)]
  0x44037400 JavaThread "Signal Dispatcher" daemon [_thread_blocked, id=1032, stack(0x44510000,0x44560000)]
  0x44017800 JavaThread "Finalizer" daemon [_thread_blocked, id=6376, stack(0x443a0000,0x443f0000)]
  0x43ff2400 JavaThread "Reference Handler" daemon [_thread_blocked, id=6392, stack(0x44300000,0x44350000)]
  0x0014c400 JavaThread "main" [_thread_blocked, id=372, stack(0x014e0000,0x01530000)]

Other Threads:
  0x43feb000 VMThread [stack: 0x442a0000,0x442f0000] [id=1148]
  0x44059c00 WatcherThread [stack: 0x446d0000,0x44720000] [id=1228]

VM state:not at safepoint (normal execution)

VM Mutex/Monitor currently owned by a thread: None

Heap:
 def new generation   total 4928K, used 1013K [0x03800000, 0x03d50000, 0x18d50000)
  eden space 4416K,  11% used [0x03800000, 0x0387d710, 0x03c50000)
  from space 512K,  99% used [0x03cd0000, 0x03d4fff8, 0x03d50000)
  to   space 512K,   0% used [0x03c50000, 0x03c50000, 0x03cd0000)
 tenured generation   total 10944K, used 2961K [0x18d50000, 0x19800000, 0x43800000)
   the space 10944K,  27% used [0x18d50000, 0x190344d0, 0x19034600, 0x19800000)
 Metaspace       used 3272K, capacity 3462K, committed 3520K, reserved 4480K

Card table byte_map: [0x43800000,0x43a10000] byte_map_base: 0x437e4000

Polling page: 0x00130000

CodeCache: size=32768Kb used=1085Kb max_used=1085Kb free=31682Kb
 bounds [0x01800000, 0x01910000, 0x03800000]
 total_blobs=411 nmethods=268 adapters=74
 compilation: enabled

Compilation events (10 events):
Event: 0.667 Thread 0x44039400 nmethod 262 0x0190ea48 code [0x0190eb50, 0x0190ecac]
Event: 0.667 Thread 0x44039400  264             com.android.dx.ssa.SsaRenamer::access$000 (5 bytes)
Event: 0.667 Thread 0x44039400 nmethod 264 0x0190ee08 code [0x0190ef00, 0x0190ef70]
Event: 0.667 Thread 0x44039400  265             com.android.dx.rop.code.RegisterSpec::make (7 bytes)
Event: 0.667 Thread 0x44039400 nmethod 265 0x0190f008 code [0x0190f100, 0x0190f18c]
Event: 0.667 Thread 0x44039400  266             java.lang.Object::equals (11 bytes)
Event: 0.667 Thread 0x44039400 nmethod 266 0x0190f208 code [0x0190f300, 0x0190f390]
Event: 0.667 Thread 0x44039400  267             com.android.dx.ssa.SsaMethod$2::visitNonMoveInsn (6 bytes)
Event: 0.667 Thread 0x44039400 nmethod 267 0x0190f3c8 code [0x0190f4c0, 0x0190f54c]
Event: 0.667 Thread 0x44039400  268   !         com.android.dx.cf.code.BytecodeArray::parseInstruction (2764 bytes)

GC Heap History (6 events):
Event: 0.461 GC heap before
{Heap before GC invocations=0 (full 0):
 def new generation   total 4928K, used 4416K [0x03800000, 0x03d50000, 0x18d50000)
  eden space 4416K, 100% used [0x03800000, 0x03c50000, 0x03c50000)
  from space 512K,   0% used [0x03c50000, 0x03c50000, 0x03cd0000)
  to   space 512K,   0% used [0x03cd0000, 0x03cd0000, 0x03d50000)
 tenured generation   total 10944K, used 0K [0x18d50000, 0x19800000, 0x43800000)
   the space 10944K,   0% used [0x18d50000, 0x18d50000, 0x18d50200, 0x19800000)
 Metaspace       used 2658K, capacity 2886K, committed 3008K, reserved 4480K
Event: 0.465 GC heap after
Heap after GC invocations=1 (full 0):
 def new generation   total 4928K, used 512K [0x03800000, 0x03d50000, 0x18d50000)
  eden space 4416K,   0% used [0x03800000, 0x03800000, 0x03c50000)
  from space 512K, 100% used [0x03cd0000, 0x03d50000, 0x03d50000)
  to   space 512K,   0% used [0x03c50000, 0x03c50000, 0x03cd0000)
 tenured generation   total 10944K, used 844K [0x18d50000, 0x19800000, 0x43800000)
   the space 10944K,   7% used [0x18d50000, 0x18e23380, 0x18e23400, 0x19800000)
 Metaspace       used 2658K, capacity 2886K, committed 3008K, reserved 4480K
}
Event: 0.588 GC heap before
{Heap before GC invocations=1 (full 0):
 def new generation   total 4928K, used 4928K [0x03800000, 0x03d50000, 0x18d50000)
  eden space 4416K, 100% used [0x03800000, 0x03c50000, 0x03c50000)
  from space 512K, 100% used [0x03cd0000, 0x03d50000, 0x03d50000)
  to   space 512K,   0% used [0x03c50000, 0x03c50000, 0x03cd0000)
 tenured generation   total 10944K, used 844K [0x18d50000, 0x19800000, 0x43800000)
   the space 10944K,   7% used [0x18d50000, 0x18e23380, 0x18e23400, 0x19800000)
 Metaspace       used 3248K, capacity 3430K, committed 3520K, reserved 4480K
Event: 0.594 GC heap after
Heap after GC invocations=2 (full 0):
 def new generation   total 4928K, used 512K [0x03800000, 0x03d50000, 0x18d50000)
  eden space 4416K,   0% used [0x03800000, 0x03800000, 0x03c50000)
  from space 512K, 100% used [0x03c50000, 0x03cd0000, 0x03cd0000)
  to   space 512K,   0% used [0x03cd0000, 0x03cd0000, 0x03d50000)
 tenured generation   total 10944K, used 2243K [0x18d50000, 0x19800000, 0x43800000)
   the space 10944K,  20% used [0x18d50000, 0x18f80db8, 0x18f80e00, 0x19800000)
 Metaspace       used 3248K, capacity 3430K, committed 3520K, reserved 4480K
}
Event: 0.668 GC heap before
{Heap before GC invocations=2 (full 0):
 def new generation   total 4928K, used 4928K [0x03800000, 0x03d50000, 0x18d50000)
  eden space 4416K, 100% used [0x03800000, 0x03c50000, 0x03c50000)
  from space 512K, 100% used [0x03c50000, 0x03cd0000, 0x03cd0000)
  to   space 512K,   0% used [0x03cd0000, 0x03cd0000, 0x03d50000)
 tenured generation   total 10944K, used 2243K [0x18d50000, 0x19800000, 0x43800000)
   the space 10944K,  20% used [0x18d50000, 0x18f80db8, 0x18f80e00, 0x19800000)
 Metaspace       used 3271K, capacity 3462K, committed 3520K, reserved 4480K
Event: 0.673 GC heap after
Heap after GC invocations=3 (full 0):
 def new generation   total 4928K, used 511K [0x03800000, 0x03d50000, 0x18d50000)
  eden space 4416K,   0% used [0x03800000, 0x03800000, 0x03c50000)
  from space 512K,  99% used [0x03cd0000, 0x03d4fff8, 0x03d50000)
  to   space 512K,   0% used [0x03c50000, 0x03c50000, 0x03cd0000)
 tenured generation   total 10944K, used 2961K [0x18d50000, 0x19800000, 0x43800000)
   the space 10944K,  27% used [0x18d50000, 0x190344d0, 0x19034600, 0x19800000)
 Metaspace       used 3271K, capacity 3462K, committed 3520K, reserved 4480K
}

Deoptimization events (0 events):
No events

Internal exceptions (2 events):
Event: 0.076 Thread 0x0014c400 Exception <a 'java/lang/NoSuchMethodError': Method sun.misc.Unsafe.defineClass(Ljava/lang/String;[BII)Ljava/lang/Class; name or signature does not match> (0x03806ea8) thrown at [C:\re\workspace\8-2-build-windows-i586-cygwin\jdk8u91\6644\hotspot\src\share\v;¥>þ0™³?
Event: 0.077 Thread 0x0014c400 Exception <a 'java/lang/NoSuchMethodError': Method sun.misc.Unsafe.prefetchRead(Ljava/lang/Object;J)V name or signature does not match> (0x03807178) thrown at [C:\re\workspace\8-2-build-windows-i586-cygwin\jdk8u91\6644\hotspot\src\share\vm\prims\jni.cpp, l

Events (10 events):
Event: 0.597 loading class java/util/DualPivotQuicksort done
Event: 0.642 Thread 0x4411d800 DEOPT PACKING pc=0x018f39b6 sp=0x4490f600
Event: 0.642 Thread 0x4411d800 DEOPT UNPACKING pc=0x0183c5db sp=0x4490f5e0 mode 3
Event: 0.660 loading class com/android/dx/cf/code/BytecodeArray$ConstantParserVisitor
Event: 0.660 loading class com/android/dx/cf/code/BytecodeArray$ConstantParserVisitor done
Event: 0.663 Thread 0x440e3400 Thread exited: 0x440e3400
Event: 0.665 Thread 0x44127c00 Thread exited: 0x44127c00
Event: 0.668 Executing VM operation: GenCollectForAllocation
Event: 0.673 Executing VM operation: GenCollectForAllocation done
Event: 0.678 Thread 0x4411d800 Thread exited: 0x4411d800


Dynamic libraries:
0x01200000 - 0x01233000 	C:\Program Files\Java\jdk1.8.0_91\bin\java.exe
0x77520000 - 0x77662000 	C:\Windows\SYSTEM32\ntdll.dll
0x763d0000 - 0x764a5000 	C:\Windows\system32\kernel32.dll
0x75510000 - 0x7555b000 	C:\Windows\system32\KERNELBASE.dll
0x76b30000 - 0x76bd1000 	C:\Windows\system32\ADVAPI32.dll
0x768d0000 - 0x7697c000 	C:\Windows\system32\msvcrt.dll
0x77680000 - 0x77699000 	C:\Windows\SYSTEM32\sechost.dll
0x766f0000 - 0x76792000 	C:\Windows\system32\RPCRT4.dll
0x767a0000 - 0x76869000 	C:\Windows\system32\USER32.dll
0x76d30000 - 0x76d7e000 	C:\Windows\system32\GDI32.dll
0x763c0000 - 0x763ca000 	C:\Windows\system32\LPK.dll
0x76ed0000 - 0x76f6d000 	C:\Windows\system32\USP10.dll
0x742e0000 - 0x7447e000 	C:\Windows\WinSxS\x86_microsoft.windows.common-controls_6595b64144ccf1df_6.0.7601.18837_none_41e855142bd5705d\COMCTL32.dll
0x76980000 - 0x769d7000 	C:\Windows\system32\SHLWAPI.dll
0x76be0000 - 0x76bff000 	C:\Windows\system32\IMM32.DLL
0x76a60000 - 0x76b2d000 	C:\Windows\system32\MSCTF.dll
0x577e0000 - 0x5789f000 	C:\Program Files\Java\jdk1.8.0_91\jre\bin\msvcr100.dll
0x6ce50000 - 0x6d21a000 	C:\Program Files\Java\jdk1.8.0_91\jre\bin\client\jvm.dll
0x6e660000 - 0x6e667000 	C:\Windows\system32\WSOCK32.dll
0x776d0000 - 0x77705000 	C:\Windows\system32\WS2_32.dll
0x77670000 - 0x77676000 	C:\Windows\system32\NSI.dll
0x736e0000 - 0x73712000 	C:\Windows\system32\WINMM.dll
0x748b0000 - 0x748b9000 	C:\Windows\system32\VERSION.dll
0x763b0000 - 0x763b5000 	C:\Windows\system32\PSAPI.DLL
0x73ca0000 - 0x73cac000 	C:\Program Files\Java\jdk1.8.0_91\jre\bin\verify.dll
0x73320000 - 0x73341000 	C:\Program Files\Java\jdk1.8.0_91\jre\bin\java.dll
0x73300000 - 0x73313000 	C:\Program Files\Java\jdk1.8.0_91\jre\bin\zip.dll
0x75760000 - 0x763ac000 	C:\Windows\system32\SHELL32.dll
0x77110000 - 0x7726d000 	C:\Windows\system32\ole32.dll
0x75440000 - 0x7544b000 	C:\Windows\system32\profapi.dll
0x6e9c0000 - 0x6eaab000 	C:\Windows\system32\dbghelp.dll

VM Arguments:
jvm_args: -Djava.awt.headless=true -Xmx1024M -Dfile.encoding=windows-1252 -Duser.country=PE -Duser.language=es -Duser.variant 
java_command: com.android.dx.command.Main --dex --force-jumbo --num-threads=4 --multi-dex --output C:\Users\desarrollo1\Desktop\app_transporte\AppPedidos\app\build\intermediates\transforms\dex\debug\folders\1000\5\slice_5 C:\Users\desarrollo1\Desktop\app_transporte\AppPedidos\app\build\intermediates\transforms\instantRunSlicer\debug\folders\1\5\slice_5
java_class_path (initial): C:\Users\desarrollo1\AppData\Local\Android\sdk\build-tools\23.0.3\lib\dx.jar
Launcher Type: SUN_STANDARD

Environment Variables:
PATH=C:\ProgramData\Oracle\Java\javapath;C:\Windows\system32;C:\Windows;C:\Windows\System32\Wbem;C:\Windows\System32\WindowsPowerShell\v1.0\;C:\Program Files\Intel\DMIX;c:\Program Files\Microsoft SQL Server\100\Tools\Binn\;c:\Program Files\Microsoft SQL Server\100\DTS\Binn\;C:\Program Files\Microsoft SQL Server\100\Tools\Binn\VSShell\Common7\IDE\;C:\Program Files\Microsoft Visual Studio 9.0\Common7\IDE\PrivateAssemblies\;C:\Program Files\VisualSVN\bin;C:\Program Files\TortoiseSVN\bin
USERNAME=desarrollo1
OS=Windows_NT
PROCESSOR_IDENTIFIER=x86 Family 6 Model 42 Stepping 7, GenuineIntel



---------------  S Y S T E M  ---------------

OS: Windows 7 Build 7601 (6.1.7601.23775)

CPU:total 4 (2 cores per cpu, 2 threads per core) family 6 model 42 stepping 7, cmov, cx8, fxsr, mmx, sse, sse2, sse3, ssse3, sse4.1, sse4.2, popcnt, avx, clmul, ht, tsc, tscinvbit

Memory: 4k page, physical 3577256k(310380k free), swap 3609208k(4948k free)

vm_info: Java HotSpot(TM) Client VM (25.91-b14) for windows-x86 JRE (1.8.0_91-b14), built on Apr  1 2016 01:01:28 by "java_re" with MS VC++ 10.0 (VS2010)

time: Fri Jun 30 15:16:26 2017
elapsed time: 0 seconds (0d 0h 0m 0s)

